[debug] [2020-11-21T18:08:37.165Z] ----------------------------------------------------------------------
[debug] [2020-11-21T18:08:37.168Z] Command:       C:\Program Files\nodejs\node.exe C:\Users\Ch Wasiq\AppData\Roaming\npm\node_modules\firebase-tools\lib\bin\firebase.js init
[debug] [2020-11-21T18:08:37.169Z] CLI Version:   8.7.0
[debug] [2020-11-21T18:08:37.169Z] Platform:      win32
[debug] [2020-11-21T18:08:37.169Z] Node Version:  v12.18.3
[debug] [2020-11-21T18:08:37.218Z] Time:          Sat Nov 21 2020 10:08:37 GMT-0800 (Pacific Standard Time)
[debug] [2020-11-21T18:08:37.218Z] ----------------------------------------------------------------------
[debug] [2020-11-21T18:08:37.219Z] 
[debug] [2020-11-21T18:08:37.302Z] > command requires scopes: ["email","openid","https://www.googleapis.com/auth/cloudplatformprojects.readonly","https://www.googleapis.com/auth/firebase","https://www.googleapis.com/auth/cloud-platform"]
[debug] [2020-11-21T18:08:37.302Z] > authorizing via signed-in user
[info] 
     ######## #### ########  ######## ########     ###     ######  ########
     ##        ##  ##     ## ##       ##     ##  ##   ##  ##       ##
     ######    ##  ########  ######   ########  #########  ######  ######
     ##        ##  ##    ##  ##       ##     ## ##     ##       ## ##
     ##       #### ##     ## ######## ########  ##     ##  ######  ########

You're about to initialize a Firebase project in this directory:

  E:\ReactJS\Covid19Tracker\covid-19-tracker

Before we get started, keep in mind:

  * You are initializing in an existing Firebase project directory

